0 info it worked if it ends with ok
1 verbose cli [ '/usr/bin/nodejs', '/usr/bin/npm', 'start' ]
2 info using npm@3.5.2
3 info using node@v4.2.6
4 verbose run-script [ 'prestart', 'start', 'poststart' ]
5 info lifecycle TMinder@1.0.0~prestart: TMinder@1.0.0
6 silly lifecycle TMinder@1.0.0~prestart: no script for prestart, continuing
7 info lifecycle TMinder@1.0.0~start: TMinder@1.0.0
8 verbose lifecycle TMinder@1.0.0~start: unsafe-perm in lifecycle true
9 verbose lifecycle TMinder@1.0.0~start: PATH: /usr/share/npm/bin/node-gyp-bin:/mnt/c/Users/Daniel/Desktop/Tminder/node_modules/.bin:/home/dan/bin:/home/dan/.local/bin:/usr/local/sbin:/usr/local/bin:/usr/sbin:/usr/bin:/sbin:/bin:/usr/games:/usr/local/games:/mnt/e/Oculus/Support/oculus-runtime:/mnt/c/Program Files (x86)/Common Files/Intel/Shared Libraries/redist/intel64/compiler:/mnt/c/ProgramData/Oracle/Java/javapath_target_259175421:/mnt/c/Program Files (x86)/Razer Chroma SDK/bin:/mnt/c/Program Files (x86)/Intel/iCLS Client:/mnt/c/Program Files/Intel/iCLS Client:/mnt/c/Windows/System32:/mnt/c/Windows:/mnt/c/Windows/System32/wbem:/mnt/c/Windows/System32/WindowsPowerShell/v1.0:/mnt/c/Program Files (x86)/Intel/Intel(R) Management Engine Components/DAL:/mnt/c/Program Files/Intel/Intel(R) Management Engine Components/DAL:/mnt/c/Program Files (x86)/Intel/Intel(R) Management Engine Components/IPT:/mnt/c/Program Files/Intel/Intel(R) Management Engine Components/IPT:/mnt/d/Program Files (x86)/PuTTY:/mnt/c/Program Files/Git/cmd:/mnt/d/Program Files/nodejs:/mnt/d/Program Files/Geth:/mnt/c/Program Files (x86)/NVIDIA Corporation/PhysX/Common:/mnt/c/Windows/System32:/mnt/c/Windows:/mnt/c/Windows/System32/wbem:/mnt/c/Windows/System32/WindowsPowerShell/v1.0:/mnt/c/Program Files (x86)/GtkSharp/2.12/bin:/mnt/e/Program Files (x86)/Windows Kits/10/Windows Performance Toolkit:/mnt/c/Windows/System32:/mnt/c/Windows:/mnt/c/Windows/System32/wbem:/mnt/c/Windows/System32/WindowsPowerShell/v1.0:/mnt/c/Windows/System32/OpenSSH:/mnt/c/Users/Daniel/AppData/Local/Programs/Python/Python36-32/Scripts:/mnt/c/Users/Daniel/AppData/Local/Programs/Python/Python36-32:/mnt/c/Users/Daniel/AppData/Local/Microsoft/WindowsApps:/mnt/c/Users/Daniel/AppData/Roaming/npm:/mnt/c/Users/Daniel/AppData/Roaming/ngrok:/mnt/d/Program Files (x86)/Microsoft VS Code/bin:/mnt/c/Users/Daniel/AppData/Local/atom/bin:/snap/bin:/home/dan/go/bin
10 verbose lifecycle TMinder@1.0.0~start: CWD: /mnt/c/Users/Daniel/Desktop/Tminder
11 silly lifecycle TMinder@1.0.0~start: Args: [ '-c', 'node server.js' ]
12 silly lifecycle TMinder@1.0.0~start: Returned: code: 1  signal: null
13 info lifecycle TMinder@1.0.0~start: Failed to exec start script
14 verbose stack Error: TMinder@1.0.0 start: `node server.js`
14 verbose stack Exit status 1
14 verbose stack     at EventEmitter.<anonymous> (/usr/share/npm/lib/utils/lifecycle.js:232:16)
14 verbose stack     at emitTwo (events.js:87:13)
14 verbose stack     at EventEmitter.emit (events.js:172:7)
14 verbose stack     at ChildProcess.<anonymous> (/usr/share/npm/lib/utils/spawn.js:24:14)
14 verbose stack     at emitTwo (events.js:87:13)
14 verbose stack     at ChildProcess.emit (events.js:172:7)
14 verbose stack     at maybeClose (internal/child_process.js:821:16)
14 verbose stack     at Process.ChildProcess._handle.onexit (internal/child_process.js:211:5)
15 verbose pkgid TMinder@1.0.0
16 verbose cwd /mnt/c/Users/Daniel/Desktop/Tminder
17 error Linux 4.4.0-17134-Microsoft
18 error argv "/usr/bin/nodejs" "/usr/bin/npm" "start"
19 error node v4.2.6
20 error npm  v3.5.2
21 error code ELIFECYCLE
22 error TMinder@1.0.0 start: `node server.js`
22 error Exit status 1
23 error Failed at the TMinder@1.0.0 start script 'node server.js'.
23 error Make sure you have the latest version of node.js and npm installed.
23 error If you do, this is most likely a problem with the TMinder package,
23 error not with npm itself.
23 error Tell the author that this fails on your system:
23 error     node server.js
23 error You can get information on how to open an issue for this project with:
23 error     npm bugs TMinder
23 error Or if that isn't available, you can get their info via:
23 error     npm owner ls TMinder
23 error There is likely additional logging output above.
24 verbose exit [ 1, true ]
